<?xml version="1.0" encoding="UTF-8"?>
<testng-results skipped="0" failed="0" ignored="0" total="1" passed="1">
  <reporter-output>
  </reporter-output>
  <suite name="Default suite" duration-ms="307221" started-at="2020-05-05T16:22:12 IST" finished-at="2020-05-05T16:27:19 IST">
    <groups>
    </groups>
    <test name="Default test" duration-ms="307221" started-at="2020-05-05T16:22:12 IST" finished-at="2020-05-05T16:27:19 IST">
      <class name="SelectUtility.Run_SelectUtility">
        <test-method status="PASS" signature="Login()[pri:0, instance:SelectUtility.Run_SelectUtility@4b86805d]" name="Login" is-config="true" duration-ms="12884" started-at="2020-05-05T16:22:12 IST" finished-at="2020-05-05T16:22:25 IST">
          <reporter-output>
          </reporter-output>
        </test-method> <!-- Login -->
        <test-method status="PASS" signature="HTML()[pri:1, instance:SelectUtility.Run_SelectUtility@4b86805d]" name="HTML" duration-ms="294285" started-at="2020-05-05T16:22:25 IST" finished-at="2020-05-05T16:27:19 IST">
          <reporter-output>
          </reporter-output>
        </test-method> <!-- HTML -->
      </class> <!-- SelectUtility.Run_SelectUtility -->
    </test> <!-- Default test -->
  </suite> <!-- Default suite -->
</testng-results>
